{"/Users/wilkermizael/Documents/DRIVEN/HARD SKILLS/Modulo 5 e 6/curso-jest/aula12-jest/src/app.ts": {"path":"/Users/wilkermizael/Documents/DRIVEN/HARD SKILLS/Modulo 5 e 6/curso-jest/aula12-jest/src/app.ts","statementMap":{"0":{"start":{"line":1,"column":0},"end":{"line":1,"column":59}},"1":{"start":{"line":2,"column":0},"end":{"line":2,"column":28}},"2":{"start":{"line":4,"column":0},"end":{"line":4,"column":116}},"3":{"start":{"line":6,"column":12},"end":{"line":6,"column":21}},"4":{"start":{"line":7,"column":0},"end":{"line":7,"column":16}},"5":{"start":{"line":9,"column":0},"end":{"line":11,"column":3}},"6":{"start":{"line":10,"column":2},"end":{"line":10,"column":30}},"7":{"start":{"line":13,"column":0},"end":{"line":21,"column":3}},"8":{"start":{"line":13,"column":56},"end":{"line":21,"column":2}},"9":{"start":{"line":14,"column":2},"end":{"line":20,"column":null}},"10":{"start":{"line":15,"column":18},"end":{"line":15,"column":34}},"11":{"start":{"line":16,"column":4},"end":{"line":16,"column":20}},"12":{"start":{"line":18,"column":4},"end":{"line":18,"column":23}},"13":{"start":{"line":19,"column":4},"end":{"line":19,"column":24}},"14":{"start":{"line":23,"column":0},"end":{"line":36,"column":3}},"15":{"start":{"line":23,"column":60},"end":{"line":36,"column":2}},"16":{"start":{"line":24,"column":13},"end":{"line":24,"column":36}},"17":{"start":{"line":25,"column":2},"end":{"line":25,"column":55}},"18":{"start":{"line":25,"column":28},"end":{"line":25,"column":55}},"19":{"start":{"line":27,"column":2},"end":{"line":35,"column":null}},"20":{"start":{"line":28,"column":17},"end":{"line":28,"column":38}},"21":{"start":{"line":29,"column":4},"end":{"line":29,"column":42}},"22":{"start":{"line":29,"column":15},"end":{"line":29,"column":42}},"23":{"start":{"line":31,"column":4},"end":{"line":31,"column":26}},"24":{"start":{"line":33,"column":4},"end":{"line":33,"column":23}},"25":{"start":{"line":34,"column":4},"end":{"line":34,"column":24}},"26":{"start":{"line":38,"column":0},"end":{"line":53,"column":3}},"27":{"start":{"line":38,"column":63},"end":{"line":53,"column":2}},"28":{"start":{"line":39,"column":13},"end":{"line":39,"column":36}},"29":{"start":{"line":40,"column":2},"end":{"line":40,"column":55}},"30":{"start":{"line":40,"column":28},"end":{"line":40,"column":55}},"31":{"start":{"line":42,"column":2},"end":{"line":52,"column":null}},"32":{"start":{"line":43,"column":17},"end":{"line":43,"column":38}},"33":{"start":{"line":44,"column":4},"end":{"line":44,"column":42}},"34":{"start":{"line":44,"column":15},"end":{"line":44,"column":42}},"35":{"start":{"line":46,"column":4},"end":{"line":46,"column":25}},"36":{"start":{"line":48,"column":4},"end":{"line":48,"column":31}},"37":{"start":{"line":50,"column":4},"end":{"line":50,"column":23}},"38":{"start":{"line":51,"column":4},"end":{"line":51,"column":24}},"39":{"start":{"line":55,"column":0},"end":{"line":75,"column":3}},"40":{"start":{"line":55,"column":60},"end":{"line":75,"column":2}},"41":{"start":{"line":56,"column":13},"end":{"line":56,"column":36}},"42":{"start":{"line":57,"column":2},"end":{"line":57,"column":55}},"43":{"start":{"line":57,"column":28},"end":{"line":57,"column":55}},"44":{"start":{"line":59,"column":15},"end":{"line":59,"column":36}},"45":{"start":{"line":61,"column":2},"end":{"line":74,"column":null}},"46":{"start":{"line":62,"column":17},"end":{"line":62,"column":38}},"47":{"start":{"line":63,"column":4},"end":{"line":63,"column":42}},"48":{"start":{"line":63,"column":15},"end":{"line":63,"column":42}},"49":{"start":{"line":65,"column":4},"end":{"line":68,"column":7}},"50":{"start":{"line":70,"column":4},"end":{"line":70,"column":31}},"51":{"start":{"line":72,"column":4},"end":{"line":72,"column":23}},"52":{"start":{"line":73,"column":4},"end":{"line":73,"column":24}},"53":{"start":{"line":77,"column":0},"end":{"line":95,"column":3}},"54":{"start":{"line":77,"column":57},"end":{"line":95,"column":2}},"55":{"start":{"line":78,"column":15},"end":{"line":78,"column":36}},"56":{"start":{"line":80,"column":15},"end":{"line":80,"column":47}},"57":{"start":{"line":81,"column":2},"end":{"line":83,"column":null}},"58":{"start":{"line":82,"column":4},"end":{"line":82,"column":31}},"59":{"start":{"line":85,"column":2},"end":{"line":94,"column":null}},"60":{"start":{"line":86,"column":17},"end":{"line":88,"column":null}},"61":{"start":{"line":90,"column":4},"end":{"line":90,"column":31}},"62":{"start":{"line":92,"column":4},"end":{"line":92,"column":23}},"63":{"start":{"line":93,"column":4},"end":{"line":93,"column":24}},"64":{"start":{"line":97,"column":0},"end":{"line":97,"column":19}}},"fnMap":{"0":{"name":"(anonymous_14)","decl":{"start":{"line":9,"column":19},"end":{"line":9,"column":20}},"loc":{"start":{"line":9,"column":51},"end":{"line":11,"column":1}}},"1":{"name":"(anonymous_15)","decl":{"start":{"line":13,"column":18},"end":{"line":13,"column":25}},"loc":{"start":{"line":13,"column":56},"end":{"line":21,"column":2}}},"2":{"name":"(anonymous_16)","decl":{"start":{"line":13,"column":56},"end":{"line":13,"column":null}},"loc":{"start":{"line":13,"column":56},"end":{"line":21,"column":1}}},"3":{"name":"(anonymous_17)","decl":{"start":{"line":23,"column":22},"end":{"line":23,"column":29}},"loc":{"start":{"line":23,"column":60},"end":{"line":36,"column":2}}},"4":{"name":"(anonymous_18)","decl":{"start":{"line":23,"column":60},"end":{"line":23,"column":null}},"loc":{"start":{"line":23,"column":60},"end":{"line":36,"column":1}}},"5":{"name":"(anonymous_19)","decl":{"start":{"line":38,"column":25},"end":{"line":38,"column":32}},"loc":{"start":{"line":38,"column":63},"end":{"line":53,"column":2}}},"6":{"name":"(anonymous_20)","decl":{"start":{"line":38,"column":63},"end":{"line":38,"column":null}},"loc":{"start":{"line":38,"column":63},"end":{"line":53,"column":1}}},"7":{"name":"(anonymous_21)","decl":{"start":{"line":55,"column":22},"end":{"line":55,"column":29}},"loc":{"start":{"line":55,"column":60},"end":{"line":75,"column":2}}},"8":{"name":"(anonymous_22)","decl":{"start":{"line":55,"column":60},"end":{"line":55,"column":null}},"loc":{"start":{"line":55,"column":60},"end":{"line":75,"column":1}}},"9":{"name":"(anonymous_23)","decl":{"start":{"line":77,"column":19},"end":{"line":77,"column":26}},"loc":{"start":{"line":77,"column":57},"end":{"line":95,"column":2}}},"10":{"name":"(anonymous_24)","decl":{"start":{"line":77,"column":57},"end":{"line":77,"column":null}},"loc":{"start":{"line":77,"column":57},"end":{"line":95,"column":1}}}},"branchMap":{"0":{"loc":{"start":{"line":25,"column":2},"end":{"line":25,"column":55}},"type":"if","locations":[{"start":{"line":25,"column":2},"end":{"line":25,"column":55}}]},"1":{"loc":{"start":{"line":25,"column":6},"end":{"line":25,"column":26}},"type":"binary-expr","locations":[{"start":{"line":25,"column":6},"end":{"line":25,"column":15}},{"start":{"line":25,"column":19},"end":{"line":25,"column":26}}]},"2":{"loc":{"start":{"line":29,"column":4},"end":{"line":29,"column":42}},"type":"if","locations":[{"start":{"line":29,"column":4},"end":{"line":29,"column":42}}]},"3":{"loc":{"start":{"line":40,"column":2},"end":{"line":40,"column":55}},"type":"if","locations":[{"start":{"line":40,"column":2},"end":{"line":40,"column":55}}]},"4":{"loc":{"start":{"line":40,"column":6},"end":{"line":40,"column":26}},"type":"binary-expr","locations":[{"start":{"line":40,"column":6},"end":{"line":40,"column":15}},{"start":{"line":40,"column":19},"end":{"line":40,"column":26}}]},"5":{"loc":{"start":{"line":44,"column":4},"end":{"line":44,"column":42}},"type":"if","locations":[{"start":{"line":44,"column":4},"end":{"line":44,"column":42}}]},"6":{"loc":{"start":{"line":57,"column":2},"end":{"line":57,"column":55}},"type":"if","locations":[{"start":{"line":57,"column":2},"end":{"line":57,"column":55}}]},"7":{"loc":{"start":{"line":57,"column":6},"end":{"line":57,"column":26}},"type":"binary-expr","locations":[{"start":{"line":57,"column":6},"end":{"line":57,"column":15}},{"start":{"line":57,"column":19},"end":{"line":57,"column":26}}]},"8":{"loc":{"start":{"line":63,"column":4},"end":{"line":63,"column":42}},"type":"if","locations":[{"start":{"line":63,"column":4},"end":{"line":63,"column":42}}]},"9":{"loc":{"start":{"line":81,"column":2},"end":{"line":83,"column":null}},"type":"if","locations":[{"start":{"line":81,"column":2},"end":{"line":83,"column":null}}]}},"s":{"0":1,"1":1,"2":1,"3":1,"4":1,"5":1,"6":0,"7":1,"8":1,"9":1,"10":1,"11":1,"12":0,"13":0,"14":1,"15":2,"16":2,"17":2,"18":0,"19":2,"20":2,"21":2,"22":1,"23":1,"24":0,"25":0,"26":1,"27":0,"28":0,"29":0,"30":0,"31":0,"32":0,"33":0,"34":0,"35":0,"36":0,"37":0,"38":0,"39":1,"40":0,"41":0,"42":0,"43":0,"44":0,"45":0,"46":0,"47":0,"48":0,"49":0,"50":0,"51":0,"52":0,"53":1,"54":2,"55":2,"56":2,"57":2,"58":1,"59":1,"60":1,"61":1,"62":0,"63":0,"64":1},"f":{"0":0,"1":1,"2":1,"3":2,"4":2,"5":0,"6":0,"7":0,"8":0,"9":2,"10":2},"b":{"0":[0],"1":[2,2],"2":[1],"3":[0],"4":[0,0],"5":[0],"6":[0],"7":[0,0],"8":[0],"9":[1]}}
,"/Users/wilkermizael/Documents/DRIVEN/HARD SKILLS/Modulo 5 e 6/curso-jest/aula12-jest/src/database.ts": {"path":"/Users/wilkermizael/Documents/DRIVEN/HARD SKILLS/Modulo 5 e 6/curso-jest/aula12-jest/src/database.ts","statementMap":{"0":{"start":{"line":1,"column":0},"end":{"line":1,"column":45}},"1":{"start":{"line":2,"column":15},"end":{"line":2,"column":33}},"2":{"start":{"line":4,"column":0},"end":{"line":4,"column":22}}},"fnMap":{},"branchMap":{},"s":{"0":1,"1":1,"2":1},"f":{},"b":{}}
,"/Users/wilkermizael/Documents/DRIVEN/HARD SKILLS/Modulo 5 e 6/curso-jest/aula12-jest/src/repository.ts": {"path":"/Users/wilkermizael/Documents/DRIVEN/HARD SKILLS/Modulo 5 e 6/curso-jest/aula12-jest/src/repository.ts","statementMap":{"0":{"start":{"line":1,"column":0},"end":{"line":1,"column":32}},"1":{"start":{"line":8,"column":2},"end":{"line":12,"column":5}},"2":{"start":{"line":7,"column":0},"end":{"line":7,"column":16}},"3":{"start":{"line":16,"column":2},"end":{"line":20,"column":null}},"4":{"start":{"line":15,"column":0},"end":{"line":15,"column":16}},"5":{"start":{"line":24,"column":2},"end":{"line":24,"column":null}},"6":{"start":{"line":23,"column":0},"end":{"line":23,"column":16}},"7":{"start":{"line":28,"column":2},"end":{"line":28,"column":44}},"8":{"start":{"line":27,"column":0},"end":{"line":27,"column":16}},"9":{"start":{"line":32,"column":2},"end":{"line":32,"column":47}},"10":{"start":{"line":31,"column":0},"end":{"line":31,"column":16}},"11":{"start":{"line":36,"column":2},"end":{"line":39,"column":null}},"12":{"start":{"line":35,"column":0},"end":{"line":35,"column":16}}},"fnMap":{"0":{"name":"getUsers","decl":{"start":{"line":7,"column":16},"end":{"line":7,"column":24}},"loc":{"start":{"line":7,"column":24},"end":{"line":13,"column":1}}},"1":{"name":"getUserByEmail","decl":{"start":{"line":15,"column":16},"end":{"line":15,"column":30}},"loc":{"start":{"line":15,"column":44},"end":{"line":21,"column":1}}},"2":{"name":"getUserById","decl":{"start":{"line":23,"column":16},"end":{"line":23,"column":27}},"loc":{"start":{"line":23,"column":38},"end":{"line":25,"column":1}}},"3":{"name":"createUser","decl":{"start":{"line":27,"column":16},"end":{"line":27,"column":26}},"loc":{"start":{"line":27,"column":42},"end":{"line":29,"column":1}}},"4":{"name":"deleteUser","decl":{"start":{"line":31,"column":16},"end":{"line":31,"column":26}},"loc":{"start":{"line":31,"column":37},"end":{"line":33,"column":1}}},"5":{"name":"updateUser","decl":{"start":{"line":35,"column":16},"end":{"line":35,"column":26}},"loc":{"start":{"line":35,"column":58},"end":{"line":40,"column":1}}}},"branchMap":{},"s":{"0":1,"1":1,"2":1,"3":2,"4":1,"5":2,"6":1,"7":1,"8":1,"9":0,"10":1,"11":0,"12":1},"f":{"0":1,"1":2,"2":2,"3":1,"4":0,"5":0},"b":{}}
,"/Users/wilkermizael/Documents/DRIVEN/HARD SKILLS/Modulo 5 e 6/curso-jest/aula12-jest/tests/factories/user-factory.ts": {"path":"/Users/wilkermizael/Documents/DRIVEN/HARD SKILLS/Modulo 5 e 6/curso-jest/aula12-jest/tests/factories/user-factory.ts","statementMap":{"0":{"start":{"line":1,"column":0},"end":{"line":1,"column":40}},"1":{"start":{"line":3,"column":0},"end":{"line":3,"column":40}},"2":{"start":{"line":6,"column":30},"end":{"line":9,"column":4}},"3":{"start":{"line":11,"column":15},"end":{"line":11,"column":59}},"4":{"start":{"line":12,"column":2},"end":{"line":12,"column":14}},"5":{"start":{"line":5,"column":0},"end":{"line":5,"column":22}},"6":{"start":{"line":16,"column":30},"end":{"line":19,"column":4}},"7":{"start":{"line":21,"column":15},"end":{"line":21,"column":59}},"8":{"start":{"line":22,"column":2},"end":{"line":22,"column":14}},"9":{"start":{"line":15,"column":0},"end":{"line":15,"column":22}}},"fnMap":{"0":{"name":"buildUser","decl":{"start":{"line":5,"column":22},"end":{"line":5,"column":31}},"loc":{"start":{"line":5,"column":64},"end":{"line":13,"column":null}}},"1":{"name":"buildRandomUser","decl":{"start":{"line":15,"column":22},"end":{"line":15,"column":37}},"loc":{"start":{"line":15,"column":37},"end":{"line":23,"column":null}}}},"branchMap":{"0":{"loc":{"start":{"line":8,"column":14},"end":{"line":8,"column":57}},"type":"binary-expr","locations":[{"start":{"line":8,"column":14},"end":{"line":8,"column":22}},{"start":{"line":8,"column":26},"end":{"line":8,"column":57}}]}},"s":{"0":1,"1":1,"2":4,"3":4,"4":4,"5":1,"6":0,"7":0,"8":0,"9":1},"f":{"0":4,"1":0},"b":{"0":[4,4]}}
}
