TN:
SF:src/app.ts
FN:9,(anonymous_14)
FN:13,(anonymous_15)
FN:13,(anonymous_16)
FN:23,(anonymous_17)
FN:23,(anonymous_18)
FN:38,(anonymous_19)
FN:38,(anonymous_20)
FN:55,(anonymous_21)
FN:55,(anonymous_22)
FN:77,(anonymous_23)
FN:77,(anonymous_24)
FNF:11
FNH:6
FNDA:0,(anonymous_14)
FNDA:1,(anonymous_15)
FNDA:1,(anonymous_16)
FNDA:2,(anonymous_17)
FNDA:2,(anonymous_18)
FNDA:0,(anonymous_19)
FNDA:0,(anonymous_20)
FNDA:0,(anonymous_21)
FNDA:0,(anonymous_22)
FNDA:2,(anonymous_23)
FNDA:2,(anonymous_24)
DA:1,1
DA:2,1
DA:4,1
DA:6,1
DA:7,1
DA:9,1
DA:10,0
DA:13,1
DA:14,1
DA:15,1
DA:16,1
DA:18,0
DA:19,0
DA:23,2
DA:24,2
DA:25,2
DA:27,2
DA:28,2
DA:29,2
DA:31,1
DA:33,0
DA:34,0
DA:38,1
DA:39,0
DA:40,0
DA:42,0
DA:43,0
DA:44,0
DA:46,0
DA:48,0
DA:50,0
DA:51,0
DA:55,1
DA:56,0
DA:57,0
DA:59,0
DA:61,0
DA:62,0
DA:63,0
DA:65,0
DA:70,0
DA:72,0
DA:73,0
DA:77,2
DA:78,2
DA:80,2
DA:81,2
DA:82,1
DA:85,1
DA:86,1
DA:90,1
DA:92,0
DA:93,0
DA:97,1
LF:54
LH:28
BRDA:25,0,0,0
BRDA:25,1,0,2
BRDA:25,1,1,2
BRDA:29,2,0,1
BRDA:40,3,0,0
BRDA:40,4,0,0
BRDA:40,4,1,0
BRDA:44,5,0,0
BRDA:57,6,0,0
BRDA:57,7,0,0
BRDA:57,7,1,0
BRDA:63,8,0,0
BRDA:81,9,0,1
BRF:13
BRH:4
end_of_record
TN:
SF:src/database.ts
FNF:0
FNH:0
DA:1,1
DA:2,1
DA:4,1
LF:3
LH:3
BRF:0
BRH:0
end_of_record
TN:
SF:src/repository.ts
FN:7,getUsers
FN:15,getUserByEmail
FN:23,getUserById
FN:27,createUser
FN:31,deleteUser
FN:35,updateUser
FNF:6
FNH:4
FNDA:1,getUsers
FNDA:2,getUserByEmail
FNDA:2,getUserById
FNDA:1,createUser
FNDA:0,deleteUser
FNDA:0,updateUser
DA:1,1
DA:7,1
DA:8,1
DA:15,1
DA:16,2
DA:23,1
DA:24,2
DA:27,1
DA:28,1
DA:31,1
DA:32,0
DA:35,1
DA:36,0
LF:13
LH:11
BRF:0
BRH:0
end_of_record
TN:
SF:tests/factories/user-factory.ts
FN:5,buildUser
FN:15,buildRandomUser
FNF:2
FNH:1
FNDA:4,buildUser
FNDA:0,buildRandomUser
DA:1,1
DA:3,1
DA:5,1
DA:6,4
DA:11,4
DA:12,4
DA:15,1
DA:16,0
DA:21,0
DA:22,0
LF:10
LH:7
BRDA:8,0,0,4
BRDA:8,0,1,4
BRF:2
BRH:2
end_of_record
